{"level":"info","message":"serving app on http://%s:%s"}
{"level":"info","message":"serving app on http://%s:%s"}
{"level":"info","message":"serving app on http://%s:%s"}
{"level":"info","message":"serving app on http://%s:%s"}
{"level":"info","message":"serving app on http://%s:%s"}
{"level":"info","message":"serving app on http://%s:%s"}
{"level":"info","message":"serving app on http://%s:%s"}
{"level":"info","message":"serving app on http://%s:%s"}
{"level":"info","message":"serving app on http://%s:%s"}
{"level":"info","message":"serving app on http://%s:%s"}
{"level":"info","message":"serving app on http://%s:%s"}
{"level":"info","message":"serving app on http://%s:%s"}
{"stack":500,"message":"Cannot find module '/home/joao/Documentos/projetos/ecommerce/app/Controllers/Http/ProductController'\nRequire stack:\n- /home/joao/Documentos/projetos/ecommerce/node_modules/require-stack/src/index.js\n- /home/joao/Documentos/projetos/ecommerce/node_modules/require-stack/index.js\n- /home/joao/Documentos/projetos/ecommerce/node_modules/@adonisjs/fold/src/Ioc/index.js\n- /home/joao/Documentos/projetos/ecommerce/node_modules/@adonisjs/fold/index.js\n- /home/joao/Documentos/projetos/ecommerce/server.js Cannot find module '/home/joao/Documentos/projetos/ecommerce/app/Controllers/Http/ProductController'\nRequire stack:\n- /home/joao/Documentos/projetos/ecommerce/node_modules/require-stack/src/index.js\n- /home/joao/Documentos/projetos/ecommerce/node_modules/require-stack/index.js\n- /home/joao/Documentos/projetos/ecommerce/node_modules/@adonisjs/fold/src/Ioc/index.js\n- /home/joao/Documentos/projetos/ecommerce/node_modules/@adonisjs/fold/index.js\n- /home/joao/Documentos/projetos/ecommerce/server.js","name":"Error","level":"error"}
{"level":"info","message":"serving app on http://%s:%s"}
{"level":"info","message":"serving app on http://%s:%s"}
{"stack":500,"message":"Cannot find module '/home/joao/Documentos/projetos/ecommerce/app/Controllers/Http/ProductController'\nRequire stack:\n- /home/joao/Documentos/projetos/ecommerce/node_modules/require-stack/src/index.js\n- /home/joao/Documentos/projetos/ecommerce/node_modules/require-stack/index.js\n- /home/joao/Documentos/projetos/ecommerce/node_modules/@adonisjs/fold/src/Ioc/index.js\n- /home/joao/Documentos/projetos/ecommerce/node_modules/@adonisjs/fold/index.js\n- /home/joao/Documentos/projetos/ecommerce/server.js Cannot find module '/home/joao/Documentos/projetos/ecommerce/app/Controllers/Http/ProductController'\nRequire stack:\n- /home/joao/Documentos/projetos/ecommerce/node_modules/require-stack/src/index.js\n- /home/joao/Documentos/projetos/ecommerce/node_modules/require-stack/index.js\n- /home/joao/Documentos/projetos/ecommerce/node_modules/@adonisjs/fold/src/Ioc/index.js\n- /home/joao/Documentos/projetos/ecommerce/node_modules/@adonisjs/fold/index.js\n- /home/joao/Documentos/projetos/ecommerce/server.js","name":"Error","level":"error"}
{"level":"info","message":"serving app on http://%s:%s"}
{"stack":500,"message":"Cannot find module '/home/joao/Documentos/projetos/ecommerce/app/Controllers/Http/ProductController'\nRequire stack:\n- /home/joao/Documentos/projetos/ecommerce/node_modules/require-stack/src/index.js\n- /home/joao/Documentos/projetos/ecommerce/node_modules/require-stack/index.js\n- /home/joao/Documentos/projetos/ecommerce/node_modules/@adonisjs/fold/src/Ioc/index.js\n- /home/joao/Documentos/projetos/ecommerce/node_modules/@adonisjs/fold/index.js\n- /home/joao/Documentos/projetos/ecommerce/server.js Cannot find module '/home/joao/Documentos/projetos/ecommerce/app/Controllers/Http/ProductController'\nRequire stack:\n- /home/joao/Documentos/projetos/ecommerce/node_modules/require-stack/src/index.js\n- /home/joao/Documentos/projetos/ecommerce/node_modules/require-stack/index.js\n- /home/joao/Documentos/projetos/ecommerce/node_modules/@adonisjs/fold/src/Ioc/index.js\n- /home/joao/Documentos/projetos/ecommerce/node_modules/@adonisjs/fold/index.js\n- /home/joao/Documentos/projetos/ecommerce/server.js","name":"Error","level":"error"}
{"level":"info","message":"serving app on http://%s:%s"}
{"level":"info","message":"serving app on http://%s:%s"}
{"stack":500,"message":"Cannot find module '/home/joao/Documentos/projetos/ecommerce/app/Controllers/Http/ProductController'\nRequire stack:\n- /home/joao/Documentos/projetos/ecommerce/node_modules/require-stack/src/index.js\n- /home/joao/Documentos/projetos/ecommerce/node_modules/require-stack/index.js\n- /home/joao/Documentos/projetos/ecommerce/node_modules/@adonisjs/fold/src/Ioc/index.js\n- /home/joao/Documentos/projetos/ecommerce/node_modules/@adonisjs/fold/index.js\n- /home/joao/Documentos/projetos/ecommerce/server.js Cannot find module '/home/joao/Documentos/projetos/ecommerce/app/Controllers/Http/ProductController'\nRequire stack:\n- /home/joao/Documentos/projetos/ecommerce/node_modules/require-stack/src/index.js\n- /home/joao/Documentos/projetos/ecommerce/node_modules/require-stack/index.js\n- /home/joao/Documentos/projetos/ecommerce/node_modules/@adonisjs/fold/src/Ioc/index.js\n- /home/joao/Documentos/projetos/ecommerce/node_modules/@adonisjs/fold/index.js\n- /home/joao/Documentos/projetos/ecommerce/server.js","name":"Error","level":"error"}
{"stack":500,"message":"Cannot find module '/home/joao/Documentos/projetos/ecommerce/app/Controllers/Http/OrderController'\nRequire stack:\n- /home/joao/Documentos/projetos/ecommerce/node_modules/require-stack/src/index.js\n- /home/joao/Documentos/projetos/ecommerce/node_modules/require-stack/index.js\n- /home/joao/Documentos/projetos/ecommerce/node_modules/@adonisjs/fold/src/Ioc/index.js\n- /home/joao/Documentos/projetos/ecommerce/node_modules/@adonisjs/fold/index.js\n- /home/joao/Documentos/projetos/ecommerce/server.js Cannot find module '/home/joao/Documentos/projetos/ecommerce/app/Controllers/Http/OrderController'\nRequire stack:\n- /home/joao/Documentos/projetos/ecommerce/node_modules/require-stack/src/index.js\n- /home/joao/Documentos/projetos/ecommerce/node_modules/require-stack/index.js\n- /home/joao/Documentos/projetos/ecommerce/node_modules/@adonisjs/fold/src/Ioc/index.js\n- /home/joao/Documentos/projetos/ecommerce/node_modules/@adonisjs/fold/index.js\n- /home/joao/Documentos/projetos/ecommerce/server.js","name":"Error","level":"error"}
{"level":"info","message":"serving app on http://%s:%s"}
{"level":"info","message":"serving app on http://%s:%s"}
{"stack":500,"message":"Cannot find module '/home/joao/Documentos/projetos/ecommerce/app/Controllers/Http/OrderController'\nRequire stack:\n- /home/joao/Documentos/projetos/ecommerce/node_modules/require-stack/src/index.js\n- /home/joao/Documentos/projetos/ecommerce/node_modules/require-stack/index.js\n- /home/joao/Documentos/projetos/ecommerce/node_modules/@adonisjs/fold/src/Ioc/index.js\n- /home/joao/Documentos/projetos/ecommerce/node_modules/@adonisjs/fold/index.js\n- /home/joao/Documentos/projetos/ecommerce/server.js Cannot find module '/home/joao/Documentos/projetos/ecommerce/app/Controllers/Http/OrderController'\nRequire stack:\n- /home/joao/Documentos/projetos/ecommerce/node_modules/require-stack/src/index.js\n- /home/joao/Documentos/projetos/ecommerce/node_modules/require-stack/index.js\n- /home/joao/Documentos/projetos/ecommerce/node_modules/@adonisjs/fold/src/Ioc/index.js\n- /home/joao/Documentos/projetos/ecommerce/node_modules/@adonisjs/fold/index.js\n- /home/joao/Documentos/projetos/ecommerce/server.js","name":"Error","level":"error"}
{"level":"info","message":"serving app on http://%s:%s"}
{"level":"info","message":"serving app on http://%s:%s"}
{"level":"info","message":"serving app on http://%s:%s"}
{"level":"info","message":"serving app on http://%s:%s"}
{"level":"info","message":"serving app on http://%s:%s"}
{"level":"info","message":"serving app on http://%s:%s"}
{"level":"info","message":"serving app on http://%s:%s"}
{"stack":500,"message":"Cannot find module '/home/joao/Documentos/projetos/ecommerce/app/Controllers/Http/ImageController'\nRequire stack:\n- /home/joao/Documentos/projetos/ecommerce/node_modules/require-stack/src/index.js\n- /home/joao/Documentos/projetos/ecommerce/node_modules/require-stack/index.js\n- /home/joao/Documentos/projetos/ecommerce/node_modules/@adonisjs/fold/src/Ioc/index.js\n- /home/joao/Documentos/projetos/ecommerce/node_modules/@adonisjs/fold/index.js\n- /home/joao/Documentos/projetos/ecommerce/server.js Cannot find module '/home/joao/Documentos/projetos/ecommerce/app/Controllers/Http/ImageController'\nRequire stack:\n- /home/joao/Documentos/projetos/ecommerce/node_modules/require-stack/src/index.js\n- /home/joao/Documentos/projetos/ecommerce/node_modules/require-stack/index.js\n- /home/joao/Documentos/projetos/ecommerce/node_modules/@adonisjs/fold/src/Ioc/index.js\n- /home/joao/Documentos/projetos/ecommerce/node_modules/@adonisjs/fold/index.js\n- /home/joao/Documentos/projetos/ecommerce/server.js","name":"Error","level":"error"}
{"stack":500,"message":"Cannot find module '/home/joao/Documentos/projetos/ecommerce/app/Controllers/Http/CategoryController'\nRequire stack:\n- /home/joao/Documentos/projetos/ecommerce/node_modules/require-stack/src/index.js\n- /home/joao/Documentos/projetos/ecommerce/node_modules/require-stack/index.js\n- /home/joao/Documentos/projetos/ecommerce/node_modules/@adonisjs/fold/src/Ioc/index.js\n- /home/joao/Documentos/projetos/ecommerce/node_modules/@adonisjs/fold/index.js\n- /home/joao/Documentos/projetos/ecommerce/server.js Cannot find module '/home/joao/Documentos/projetos/ecommerce/app/Controllers/Http/CategoryController'\nRequire stack:\n- /home/joao/Documentos/projetos/ecommerce/node_modules/require-stack/src/index.js\n- /home/joao/Documentos/projetos/ecommerce/node_modules/require-stack/index.js\n- /home/joao/Documentos/projetos/ecommerce/node_modules/@adonisjs/fold/src/Ioc/index.js\n- /home/joao/Documentos/projetos/ecommerce/node_modules/@adonisjs/fold/index.js\n- /home/joao/Documentos/projetos/ecommerce/server.js","name":"Error","level":"error"}
{"level":"info","message":"serving app on http://%s:%s"}
{"stack":500,"message":"Cannot find module '/home/joao/Documentos/projetos/ecommerce/app/Controllers/Http/AuthController'\nRequire stack:\n- /home/joao/Documentos/projetos/ecommerce/node_modules/require-stack/src/index.js\n- /home/joao/Documentos/projetos/ecommerce/node_modules/require-stack/index.js\n- /home/joao/Documentos/projetos/ecommerce/node_modules/@adonisjs/fold/src/Ioc/index.js\n- /home/joao/Documentos/projetos/ecommerce/node_modules/@adonisjs/fold/index.js\n- /home/joao/Documentos/projetos/ecommerce/server.js Cannot find module '/home/joao/Documentos/projetos/ecommerce/app/Controllers/Http/AuthController'\nRequire stack:\n- /home/joao/Documentos/projetos/ecommerce/node_modules/require-stack/src/index.js\n- /home/joao/Documentos/projetos/ecommerce/node_modules/require-stack/index.js\n- /home/joao/Documentos/projetos/ecommerce/node_modules/@adonisjs/fold/src/Ioc/index.js\n- /home/joao/Documentos/projetos/ecommerce/node_modules/@adonisjs/fold/index.js\n- /home/joao/Documentos/projetos/ecommerce/server.js","name":"Error","level":"error"}
{"stack":500,"message":"Cannot find module '/home/joao/Documentos/projetos/ecommerce/app/Controllers/Http/AuthController'\nRequire stack:\n- /home/joao/Documentos/projetos/ecommerce/node_modules/require-stack/src/index.js\n- /home/joao/Documentos/projetos/ecommerce/node_modules/require-stack/index.js\n- /home/joao/Documentos/projetos/ecommerce/node_modules/@adonisjs/fold/src/Ioc/index.js\n- /home/joao/Documentos/projetos/ecommerce/node_modules/@adonisjs/fold/index.js\n- /home/joao/Documentos/projetos/ecommerce/server.js Cannot find module '/home/joao/Documentos/projetos/ecommerce/app/Controllers/Http/AuthController'\nRequire stack:\n- /home/joao/Documentos/projetos/ecommerce/node_modules/require-stack/src/index.js\n- /home/joao/Documentos/projetos/ecommerce/node_modules/require-stack/index.js\n- /home/joao/Documentos/projetos/ecommerce/node_modules/@adonisjs/fold/src/Ioc/index.js\n- /home/joao/Documentos/projetos/ecommerce/node_modules/@adonisjs/fold/index.js\n- /home/joao/Documentos/projetos/ecommerce/server.js","name":"Error","level":"error"}
{"level":"info","message":"serving app on http://%s:%s"}
{"stack":500,"message":"E_INVALID_MAKE_STRING: Ioc.makeFunc expects a string in module.method format instead received App/Controllers/Http/Auth.AuthController.register\n> More details: https://err.sh/adonisjs/errors/E_INVALID_MAKE_STRING E_INVALID_MAKE_STRING: Ioc.makeFunc expects a string in module.method format instead received App/Controllers/Http/Auth.AuthController.register\n> More details: https://err.sh/adonisjs/errors/E_INVALID_MAKE_STRING","name":"InvalidArgumentException","level":"error"}
{"level":"info","message":"serving app on http://%s:%s"}
{"stack":500,"message":"E_INVALID_MAKE_STRING: Ioc.makeFunc expects a string in module.method format instead received App/Controllers/Http/Auth.AuthController.register\n> More details: https://err.sh/adonisjs/errors/E_INVALID_MAKE_STRING E_INVALID_MAKE_STRING: Ioc.makeFunc expects a string in module.method format instead received App/Controllers/Http/Auth.AuthController.register\n> More details: https://err.sh/adonisjs/errors/E_INVALID_MAKE_STRING","name":"InvalidArgumentException","level":"error"}
{"level":"info","message":"serving app on http://%s:%s"}
{"level":"info","message":"serving app on http://%s:%s"}
{"stack":500,"message":"request is not defined request is not defined","name":"ReferenceError","level":"error"}
{"level":"info","message":"serving app on http://%s:%s"}
{"stack":500,"message":"request is not defined request is not defined","name":"ReferenceError","level":"error"}
{"level":"info","message":"serving app on http://%s:%s"}
{"level":"info","message":"serving app on http://%s:%s"}
{"level":"info","message":"serving app on http://%s:%s"}
{"level":"info","message":"serving app on http://%s:%s"}
{"level":"info","message":"serving app on http://%s:%s"}
{"level":"info","message":"serving app on http://%s:%s"}
{"level":"info","message":"serving app on http://%s:%s"}
{"level":"info","message":"serving app on http://%s:%s"}
{"level":"info","message":"serving app on http://%s:%s"}
{"level":"info","message":"serving app on http://%s:%s"}
{"level":"info","message":"serving app on http://%s:%s"}
{"level":"info","message":"serving app on http://%s:%s"}
{"stack":500,"message":"request is not defined request is not defined","name":"ReferenceError","level":"error"}
{"level":"info","message":"serving app on http://%s:%s"}
{"stack":500,"message":"request is not defined request is not defined","name":"ReferenceError","level":"error"}
{"stack":500,"message":"request is not defined request is not defined","name":"ReferenceError","level":"error"}
{"stack":500,"message":"request is not defined request is not defined","name":"ReferenceError","level":"error"}
{"level":"info","message":"serving app on http://%s:%s"}
{"stack":500,"message":"request is not defined request is not defined","name":"ReferenceError","level":"error"}
{"stack":500,"message":"request is not defined request is not defined","name":"ReferenceError","level":"error"}
{"level":"info","message":"serving app on http://%s:%s"}
{"level":"info","message":"serving app on http://%s:%s"}
{"level":"info","message":"serving app on http://%s:%s"}
{"stack":500,"message":"request is not defined request is not defined","name":"ReferenceError","level":"error"}
{"level":"info","message":"serving app on http://%s:%s"}
{"stack":500,"message":"request is not defined request is not defined","name":"ReferenceError","level":"error"}
{"stack":500,"message":"request is not defined request is not defined","name":"ReferenceError","level":"error"}
{"level":"info","message":"serving app on http://%s:%s"}
{"stack":500,"message":"request is not defined request is not defined","name":"ReferenceError","level":"error"}
{"level":"info","message":"serving app on http://%s:%s"}
{"stack":500,"message":"request is not defined request is not defined","name":"ReferenceError","level":"error"}
{"level":"info","message":"serving app on http://%s:%s"}
{"level":"info","message":"serving app on http://%s:%s"}
{"stack":500,"message":"request is not defined request is not defined","name":"ReferenceError","level":"error"}
{"stack":500,"message":"request is not defined request is not defined","name":"ReferenceError","level":"error"}
{"stack":500,"message":"request is not defined request is not defined","name":"ReferenceError","level":"error"}
{"stack":500,"message":"request is not defined request is not defined","name":"ReferenceError","level":"error"}
{"stack":500,"message":"request is not defined request is not defined","name":"ReferenceError","level":"error"}
{"stack":500,"message":"request is not defined request is not defined","name":"ReferenceError","level":"error"}
{"stack":500,"message":"request is not defined request is not defined","name":"ReferenceError","level":"error"}
{"stack":500,"message":"request is not defined request is not defined","name":"ReferenceError","level":"error"}
{"level":"info","message":"serving app on http://%s:%s"}
{"stack":500,"message":"resquest is not defined resquest is not defined","name":"ReferenceError","level":"error"}
{"stack":500,"message":"resquest is not defined resquest is not defined","name":"ReferenceError","level":"error"}
{"stack":500,"message":"resquest is not defined resquest is not defined","name":"ReferenceError","level":"error"}
{"stack":500,"message":"resquest is not defined resquest is not defined","name":"ReferenceError","level":"error"}
{"level":"info","message":"serving app on http://%s:%s"}
{"level":"info","message":"serving app on http://%s:%s"}
{"stack":500,"message":"resquest is not defined resquest is not defined","name":"ReferenceError","level":"error"}
{"level":"info","message":"serving app on http://%s:%s"}
{"stack":500,"message":"request is not defined request is not defined","name":"ReferenceError","level":"error"}
{"stack":500,"message":"request is not defined request is not defined","name":"ReferenceError","level":"error"}
{"level":"info","message":"serving app on http://%s:%s"}
{"stack":500,"message":"Cannot read property 'input' of undefined Cannot read property 'input' of undefined","name":"TypeError","level":"error"}
{"level":"info","message":"serving app on http://%s:%s"}
{"stack":500,"message":"Cannot read property 'input' of undefined Cannot read property 'input' of undefined","name":"TypeError","level":"error"}
{"stack":500,"message":"Cannot read property 'input' of undefined Cannot read property 'input' of undefined","name":"TypeError","level":"error"}
{"level":"info","message":"serving app on http://%s:%s"}
{"stack":500,"message":"Cannot read property 'input' of undefined Cannot read property 'input' of undefined","name":"TypeError","level":"error"}
{"level":"info","message":"serving app on http://%s:%s"}
{"level":"info","message":"serving app on http://%s:%s"}
{"level":"info","message":"serving app on http://%s:%s"}
{"level":"info","message":"serving app on http://%s:%s"}
{"level":"info","message":"serving app on http://%s:%s"}
{"level":"info","message":"serving app on http://%s:%s"}
{"level":"info","message":"serving app on http://%s:%s"}
{"stack":500,"message":"Cannot find module '/home/joao/Documentos/projetos/ecommerce/app/Controllers/Http/CategoryController'\nRequire stack:\n- /home/joao/Documentos/projetos/ecommerce/node_modules/require-stack/src/index.js\n- /home/joao/Documentos/projetos/ecommerce/node_modules/require-stack/index.js\n- /home/joao/Documentos/projetos/ecommerce/node_modules/@adonisjs/fold/src/Ioc/index.js\n- /home/joao/Documentos/projetos/ecommerce/node_modules/@adonisjs/fold/index.js\n- /home/joao/Documentos/projetos/ecommerce/server.js Cannot find module '/home/joao/Documentos/projetos/ecommerce/app/Controllers/Http/CategoryController'\nRequire stack:\n- /home/joao/Documentos/projetos/ecommerce/node_modules/require-stack/src/index.js\n- /home/joao/Documentos/projetos/ecommerce/node_modules/require-stack/index.js\n- /home/joao/Documentos/projetos/ecommerce/node_modules/@adonisjs/fold/src/Ioc/index.js\n- /home/joao/Documentos/projetos/ecommerce/node_modules/@adonisjs/fold/index.js\n- /home/joao/Documentos/projetos/ecommerce/server.js","name":"Error","level":"error"}
{"level":"info","message":"serving app on http://%s:%s"}
{"stack":500,"message":"E_INVALID_MAKE_STRING: Ioc.makeFunc expects a string in module.method format instead received App/Controllers/Http/Http/Admin/CategoryController.js.index\n> More details: https://err.sh/adonisjs/errors/E_INVALID_MAKE_STRING E_INVALID_MAKE_STRING: Ioc.makeFunc expects a string in module.method format instead received App/Controllers/Http/Http/Admin/CategoryController.js.index\n> More details: https://err.sh/adonisjs/errors/E_INVALID_MAKE_STRING","name":"InvalidArgumentException","level":"error"}
{"level":"info","message":"serving app on http://%s:%s"}
{"stack":500,"message":"E_INVALID_MAKE_STRING: Ioc.makeFunc expects a string in module.method format instead received App/Controllers/Http/Admin/CategoryController.js.index\n> More details: https://err.sh/adonisjs/errors/E_INVALID_MAKE_STRING E_INVALID_MAKE_STRING: Ioc.makeFunc expects a string in module.method format instead received App/Controllers/Http/Admin/CategoryController.js.index\n> More details: https://err.sh/adonisjs/errors/E_INVALID_MAKE_STRING","name":"InvalidArgumentException","level":"error"}
{"level":"info","message":"serving app on http://%s:%s"}
{"stack":500,"message":"Category.query(...).ginate is not a function Category.query(...).ginate is not a function","name":"TypeError","level":"error"}
{"level":"info","message":"serving app on http://%s:%s"}
{"stack":500,"message":"Category.query(...).ginate is not a function Category.query(...).ginate is not a function","name":"TypeError","level":"error"}
{"level":"info","message":"serving app on http://%s:%s"}
{"level":"info","message":"serving app on http://%s:%s"}
{"level":"info","message":"serving app on http://%s:%s"}
{"level":"info","message":"serving app on http://%s:%s"}
{"level":"info","message":"serving app on http://%s:%s"}
{"level":"info","message":"serving app on http://%s:%s"}
{"level":"info","message":"serving app on http://%s:%s"}
{"level":"info","message":"serving app on http://%s:%s"}
{"level":"info","message":"serving app on http://%s:%s"}
{"level":"info","message":"serving app on http://%s:%s"}
{"level":"info","message":"serving app on http://%s:%s"}
{"level":"info","message":"serving app on http://%s:%s"}
{"stack":500,"message":"ctx is not defined ctx is not defined","name":"ReferenceError","level":"error"}
{"level":"info","message":"serving app on http://%s:%s"}
{"stack":500,"message":"Cannot read property 'request' of undefined Cannot read property 'request' of undefined","name":"TypeError","level":"error"}
{"level":"info","message":"serving app on http://%s:%s"}
{"level":"info","message":"serving app on http://%s:%s"}
{"level":"info","message":"serving app on http://%s:%s"}
{"level":"info","message":"serving app on http://%s:%s"}
{"level":"info","message":"serving app on http://%s:%s"}
{"level":"info","message":"serving app on http://%s:%s"}
{"level":"info","message":"serving app on http://%s:%s"}
{"level":"info","message":"serving app on http://%s:%s"}
{"level":"info","message":"serving app on http://%s:%s"}
{"level":"info","message":"serving app on http://%s:%s"}
{"level":"info","message":"serving app on http://%s:%s"}
{"level":"info","message":"serving app on http://%s:%s"}
{"level":"info","message":"serving app on http://%s:%s"}
{"level":"info","message":"serving app on http://%s:%s"}
{"level":"info","message":"serving app on http://%s:%s"}
{"level":"info","message":"serving app on http://%s:%s"}
{"level":"info","message":"serving app on http://%s:%s"}
{"level":"info","message":"serving app on http://%s:%s"}
{"stack":500,"message":"Cannot find module '/home/joao/Documentos/projetos/ecommerce/app/Controllers/Http/ProductController'\nRequire stack:\n- /home/joao/Documentos/projetos/ecommerce/node_modules/require-stack/src/index.js\n- /home/joao/Documentos/projetos/ecommerce/node_modules/require-stack/index.js\n- /home/joao/Documentos/projetos/ecommerce/node_modules/@adonisjs/fold/src/Ioc/index.js\n- /home/joao/Documentos/projetos/ecommerce/node_modules/@adonisjs/fold/index.js\n- /home/joao/Documentos/projetos/ecommerce/server.js Cannot find module '/home/joao/Documentos/projetos/ecommerce/app/Controllers/Http/ProductController'\nRequire stack:\n- /home/joao/Documentos/projetos/ecommerce/node_modules/require-stack/src/index.js\n- /home/joao/Documentos/projetos/ecommerce/node_modules/require-stack/index.js\n- /home/joao/Documentos/projetos/ecommerce/node_modules/@adonisjs/fold/src/Ioc/index.js\n- /home/joao/Documentos/projetos/ecommerce/node_modules/@adonisjs/fold/index.js\n- /home/joao/Documentos/projetos/ecommerce/server.js","name":"Error","level":"error"}
{"level":"info","message":"serving app on http://%s:%s"}
